C51 COMPILER V9.60.0.0   DATA_INIT                                                         08/13/2020 16:51:37 PAGE 1   


C51 COMPILER V9.60.0.0, COMPILATION OF MODULE DATA_INIT
OBJECT MODULE PLACED IN .\Objects\data_init.obj
COMPILER INVOKED BY: C:\Keil_v5\C51\BIN\C51.EXE data_init.c OPTIMIZE(8,SPEED) BROWSE DEBUG OBJECTEXTEND PRINT(.\Listings
                    -\data_init.lst) OBJECT(.\Objects\data_init.obj)

line level    source

   1          #include "head.h"
   2          
   3          void data_init()
   4          {
   5   1              level = (pwmT - zkb1Gear) / 4; //由pwm周期和一档占空比计算1档以上档位占空比差
   6   1      
   7   1      }
   8          
   9          uchar code emp[]=
  10          {0x00,0x00,0x00,0x00,0x00,0x00,0x00,0x00,0x00,0x00,0x00,0x00,0x00,0x00,0x00,0x00,
  11          0x00,0x00,0x00,0x00,0x00,0x00,0x00,0x00,0x00,0x00,0x00,0x00,0x00,0x00,0x00,0x00,
  12          0x00,0x00,0x00,0x00,0x00,0x00,0x00,0x00,0x00,0x00,0x00,0x00,0x00,0x00,0x00,0x00,
  13          0x00,0x00,0x00,0x00,0x00,0x00,0x00,0x00,0x00,0x00,0x00,0x00,0x00,0x00,0x00,0x00,
  14          0x00,0x00,0x00,0x00,0x00,0x00,0x00,0x00,0x00,0x00,0x00,0x00,0x00,0x00,0x00,0x00,
  15          0x00,0x00,0x00,0x00,0x00,0x00,0x00,0x00,0x00,0x00,0x00,0x00,0x00,0x00,0x00,0x00,
  16          0x00,0x00,0x00,0x00,0x00,0x00,0x00,0x00,0x00,0x00,0x00,0x00,0x00,0x00,0x00,0x00,
  17          0x00,0x00,0x00,0x00,0x00,0x00,0x00,0x00,0x00,0x00,0x00,0x00,0x00,0x00,0x00,0x00,
  18          0x00,0x00,0x00,0x00,0x00,0x00,0x00,0x00,0x00,0x00,0x00,0x00,0x00,0x00,0x00,0x00,
  19          0x00,0x00,0x00,0x00,0x00,0x00,0x00,0x00,0x00,0x00,0x00,0x00,0x00,0x00,0x00,0x00,
  20          0x00,0x00,0x00,0x00,0x00,0x00,0x00,0x00,0x00,0x00,0x00,0x00,0x00,0x00,0x00,0x00,
  21          0x00,0x00,0x00,0x00,0x00,0x00,0x00,0x00,0x00,0x00,0x00,0x00,0x00,0x00,0x00,0x00,
  22          0x00,0x00,0x00,0x00,0x00,0x00,0x00,0x00,0x00,0x00,0x00,0x00,0x00,0x00,0x00,0x00,
  23          0x00,0x00,0x00,0x00,0x00,0x00,0x00,0x00,0x00,0x00,0x00,0x00,0x00,0x00,0x00,0x00,
  24          0x00,0x00,0x00,0x00,0x00,0x00,0x00,0x00,0x00,0x00,0x00,0x00,0x00,0x00,0x00,0x00,
  25          0x00,0x00,0x00,0x00,0x00,0x00,0x00,0x00,0x00,0x00,0x00,0x00,0x00,0x00,0x00,0x00,
  26          0x00,0x00,0x00,0x00,0x00,0x00,0x00,0x00,0x00,0x00,0x00,0x00,0x00,0x00,0x00,0x00,
  27          0x00,0x00,0x00,0x00,0x00,0x00,0x00,0x00,0x00,0x00,0x00,0x00,0x00,0x00,0x00,0x00,
  28          0x00,0x00,0x00,0x00,0x00,0x00,0x00,0x00,0x00,0x00,0x00,0x00,0x00,0x00,0x00,0x00,
  29          0x00,0x00,0x00,0x00,0x00,0x00,0x00,0x00,0x00,0x00,0x00,0x00,0x00,0x00,0x00,0x00,
  30          0x00,0x00,0x00,0x00,0x00,0x00,0x00,0x00,0x00,0x00,0x00,0x00,0x00,0x00,0x00,0x00,
  31          0x00,0x00,0x00,0x00,0x00,0x00,0x00,0x00,0x00,0x00,0x00,0x00,0x00,0x00,0x00,0x00,
  32          0x00,0x00,0x00,0x00,0x00,0x00,0x00,0x00,0x00,0x00,0x00,0x00,0x00,0x00,0x00,0x00,
  33          0x00,0x00,0x00,0x00,0x00,0x00,0x00,0x00,0x00,0x00,0x00,0x00,0x00,0x00,0x00,0x00,
  34          0x00,0x00,0x00,0x00,0x00,0x00,0x00,0x00,0x00,0x00,0x00,0x00,0x00,0x00,0x00,0x00,
  35          0x00,0x00,0x00,0x00,0x00,0x00,0x00,0x00,0x00,0x00,0x00,0x00,0x00,0x00,0x00,0x00,
  36          0x00,0x00,0x00,0x00,0x00,0x00,0x00,0x00,0x00,0x00,0x00,0x00,0x00,0x00,0x00,0x00,
  37          0x00,0x00,0x00,0x00,0x00,0x00,0x00,0x00,0x00,0x00,0x00,0x00,0x00,0x00,0x00,0x00,
  38          0x00,0x00,0x00,0x00,0x00,0x00,0x00,0x00,0x00,0x00,0x00,0x00,0x00,0x00,0x00,0x00,
  39          0x00,0x00,0x00,0x00,0x00,0x00,0x00,0x00,0x00,0x00,0x00,0x00,0x00,0x00,0x00,0x00,
  40          0x00,0x00,0x00,0x00,0x00,0x00,0x00,0x00,0x00,0x00,0x00,0x00,0x00,0x00,0x00,0x00,
  41          0x00,0x00,0x00,0x00,0x00,0x00,0x00,0x00,0x00,0x00,0x00,0x00,0x00,0x00,0x00,0x00};/*"E:\Downloads\奔驰.bm
             -p",0*/
  42          /* (64 X 64 )*/
  43          
  44          
  45          
  46          uchar code font1[]=
  47          {0x00,0x00,0xF8,0x08,0x08,0x08,0x08,0x09,0x0E,0x08,0x08,0x08,0x08,0x08,0x00,0x00,
  48          0x80,0x60,0x1F,0x00,0x00,0x00,0x00,0x00,0x00,0x00,0x00,0x00,0x00,0x00,0x00,0x00};/*"广",0*/
  49          /* (16 X 16 , 宋体 )*/
  50          
  51          uchar code font2[]=
  52          {0x80,0xA0,0x90,0x8E,0x88,0x88,0x88,0xFF,0x88,0x88,0x88,0x88,0x88,0x80,0x80,0x00,
  53          0x00,0x00,0x00,0xFC,0x44,0x44,0x44,0x44,0x44,0x44,0x44,0xFC,0x00,0x00,0x00,0x00};/*"告",1*/
C51 COMPILER V9.60.0.0   DATA_INIT                                                         08/13/2020 16:51:37 PAGE 2   

  54          /* (16 X 16 , 宋体 )*/
  55          
  56          uchar code font3[]=
  57          {0x00,0x80,0x60,0xF8,0x07,0x10,0x90,0x10,0x11,0x16,0x10,0x10,0xD0,0x10,0x00,0x00,
  58          0x01,0x00,0x00,0xFF,0x40,0x40,0x41,0x5E,0x40,0x40,0x70,0x4E,0x41,0x40,0x40,0x00};/*"位",2*/
  59          /* (16 X 16 , 宋体 )*/
  60          
  61          uchar code font4[]=
  62          {0x10,0x10,0x10,0xFF,0x10,0x10,0x82,0x62,0x1E,0x02,0x02,0x42,0x82,0x7E,0x00,0x00,
  63          0x04,0x44,0x82,0x7F,0x01,0x01,0x00,0xFE,0x42,0x42,0x42,0x42,0x42,0xFE,0x00,0x00};/*"招",3*/
  64          /* (16 X 16 , 宋体 )*/
  65          
  66          uchar code font5[]=
  67          {0x24,0x24,0xA4,0xFE,0x23,0x22,0x00,0xFE,0x22,0x22,0x22,0x22,0xFE,0x00,0x00,0x00,
  68          0x08,0x06,0x01,0xFF,0x01,0x46,0x40,0x7F,0x42,0x42,0x42,0x42,0x7F,0x40,0x40,0x00};/*"租",4*/
  69          /* (16 X 16 , 宋体 )*/
  70          
  71          uchar code bluetooth[]=
  72          {0x00,0x00,0x00,0x00,0x30,0x70,0x60,0xFE,0xCE,0xCC,0x78,0x30,0x00,0x00,0x00,0x00,
  73          0x00,0x00,0x00,0x00,0x0C,0x0E,0x07,0x7F,0x73,0x33,0x1E,0x0C,0x00,0x00,0x00,0x00};/*蓝牙*/
  74          /* (16 X 16 )*/
  75          
  76          uchar code bizhang[]=
  77          {0x00,0x00,0x7C,0x7C,0x7C,0x7C,0x7C,0x00,0x10,0xF8,0xFC,0xF8,0x10,0x00,0x00,0x00,
  78          0x00,0x00,0x00,0xF0,0xFC,0xFE,0x0E,0x0E,0x06,0x07,0x03,0x01,0x00,0x00,0x00,0x00};/*避障*/
  79          /* (16 X 16 )*/
  80          
  81          uchar code xunxian[]=
  82          {0x00,0x80,0x50,0x30,0x70,0x02,0x86,0x84,0xCC,0xFC,0xF8,0x70,0x00,0x00,0x00,0x00,
  83          0x00,0x00,0x00,0x0E,0x3F,0x7F,0x7F,0x71,0x61,0x41,0x5C,0x0C,0x14,0x20,0x40,0x00};/*巡线*/
  84          /* (16 X 16 )*/
  85          
  86          uchar code atoD[]=
  87          {0x00,0x00,0x38,0x14,0x14,0x38,0x00,0x04,0x3C,0x04,0x00,0x18,0x24,0x24,0x18,0x00,
  88          0x00,0x00,0x00,0x00,0x00,0x7F,0x7F,0x41,0x63,0x3E,0x1C,0x00,0x00,0x00,0x00,0x00};/*自动驾驶*/
  89          /* (16 X 16 )*/
  90          
  91          uchar code atoG[]=
  92          {0x00,0x00,0x38,0x14,0x14,0x38,0x00,0x04,0x3C,0x04,0x00,0x18,0x24,0x24,0x18,0x00,
  93          0x00,0x00,0x00,0x00,0x1C,0x3E,0x61,0x41,0x51,0x77,0x36,0x00,0x00,0x00,0x00,0x00};/*自动档*/
  94          /* (16 X 16 )*/
  95          
  96          uchar code benz[]=
  97          {0x00,0x00,0x80,0xE0,0xF0,0x78,0x38,0x1C,0x0E,0x0E,0x06,0x07,0x03,0x03,0xC3,0xFF,
  98          0xFF,0xC3,0x03,0x03,0x07,0x06,0x0E,0x0E,0x1C,0x38,0x78,0xF0,0xE0,0x80,0x00,0x00,
  99          0xF8,0xFF,0x0F,0x03,0x00,0x00,0x00,0x00,0x00,0x00,0x00,0x00,0x80,0xE0,0xFF,0xFF,
 100          0xFF,0xFF,0xE0,0x80,0x00,0x00,0x00,0x00,0x00,0x00,0x00,0x00,0x03,0x0F,0xFF,0xF8,
 101          0x1F,0xFF,0xF0,0xC0,0xE0,0x60,0x70,0x38,0x3C,0x3C,0x1E,0x1F,0x0F,0x0F,0x0F,0x07,
 102          0x07,0x0F,0x0F,0x0F,0x1F,0x1E,0x3C,0x3C,0x38,0x70,0x60,0xE0,0xC0,0xF0,0xFF,0x1F,
 103          0x00,0x00,0x01,0x07,0x0F,0x1E,0x1C,0x38,0x30,0x70,0x60,0xE0,0xC0,0xC0,0xC0,0xC0,
 104          0xC0,0xC0,0xC0,0xC0,0xE0,0x60,0x70,0x30,0x38,0x1C,0x0E,0x0F,0x03,0x01,0x00,0x00};/*奔驰小*/
 105          /* (32 X 32 )*/
 106          
 107          uchar code power[]=
 108          {0x00,0x00,0xE0,0xF0,0x38,0x18,0x00,0x7C,0x7C,0x00,0x18,0x38,0xF0,0xE0,0x00,0x00,
 109          0x00,0x00,0x07,0x0F,0x1C,0x38,0x30,0x30,0x30,0x30,0x38,0x1C,0x0F,0x07,0x00,0x00};/*电源*/
 110          /* (16 X 16 )*/
 111          
 112          uchar code zen[]=
 113          {0x00,0x20,0x10,0x08,0x07,0xFC,0x24,0x24,0x24,0x24,0x24,0x24,0x04,0x04,0x00,0x00,
 114          0x40,0x30,0x00,0x00,0x38,0x43,0x41,0x45,0x59,0x41,0x41,0x71,0x01,0x08,0x30,0x00};/*"怎",0*/
 115          /* (16 X 16 , 宋体 )*/
C51 COMPILER V9.60.0.0   DATA_INIT                                                         08/13/2020 16:51:37 PAGE 3   

 116          
 117          uchar code me[]=
 118          {0x00,0x00,0x80,0x40,0x20,0x10,0x0C,0x03,0xC0,0x30,0x00,0x00,0x00,0x00,0x00,0x00,
 119          0x00,0x01,0x20,0x70,0x28,0x24,0x22,0x21,0x20,0x20,0x24,0x28,0x30,0x60,0x00,0x00};/*"么",1*/
 120          /* (16 X 16 , 宋体 )*/
 121          
 122          uchar code zuo[]=
 123          {0x80,0x60,0xF8,0x07,0x88,0x88,0xFF,0x88,0x88,0x20,0xD8,0x17,0x10,0xF0,0x10,0x00,
 124          0x00,0x00,0xFF,0x00,0x3F,0x10,0x10,0x10,0x9F,0x40,0x37,0x08,0x36,0x41,0x80,0x00};/*"做",2*/
 125          /* (16 X 16 , 宋体 )*/
 126          
 127          uchar code dou[]=
 128          {0x20,0x24,0x24,0xA4,0x7F,0x24,0x34,0x28,0x26,0x20,0xFE,0x02,0x22,0xDA,0x06,0x00,
 129          0x04,0x02,0xFF,0x49,0x49,0x49,0x49,0xFF,0x00,0x00,0xFF,0x08,0x10,0x08,0x07,0x00};/*"都",3*/
 130          /* (16 X 16 , 宋体 )*/
 131          
 132          uchar code dui[]=
 133          {0x00,0xFE,0x02,0x22,0xDA,0x06,0x00,0x00,0x00,0xFF,0x00,0x00,0x00,0x00,0x00,0x00,
 134          0x00,0xFF,0x08,0x10,0x88,0x47,0x20,0x18,0x07,0x00,0x07,0x18,0x20,0x40,0x80,0x00};/*"队",4*/
 135          /* (16 X 16 , 宋体 )*/
 136          
 137          uchar code bigBenz[]=
 138          {0x00,0x00,0x00,0x00,0x00,0x00,0x00,0x00,0x00,0x00,0x00,0x80,0xC0,0xC0,0xE0,0xF0,
 139          0xF0,0xF8,0x78,0x7C,0x3C,0x3E,0x1E,0x1E,0x1E,0x0F,0x0F,0x0F,0x0F,0x0F,0xEF,0xFF,
 140          0xFF,0xEF,0x0F,0x0F,0x0F,0x0F,0x0F,0x1E,0x1E,0x1E,0x3E,0x3C,0x7C,0x78,0xF8,0xF0,
 141          0xF0,0xE0,0xC0,0xC0,0x80,0x00,0x00,0x00,0x00,0x00,0x00,0x00,0x00,0x00,0x00,0x00,
 142          0x00,0x00,0x00,0x00,0x80,0xC0,0xF0,0xF8,0xFC,0x7E,0x1F,0x0F,0x07,0x03,0x03,0x01,
 143          0x00,0x00,0x00,0x00,0x00,0x00,0x00,0x00,0x00,0x00,0x00,0x00,0x00,0xF0,0xFF,0xFF,
 144          0xFF,0xFF,0xF0,0x00,0x00,0x00,0x00,0x00,0x00,0x00,0x00,0x00,0x00,0x00,0x00,0x00,
 145          0x01,0x03,0x07,0x07,0x0F,0x3F,0x7E,0xFC,0xF8,0xF0,0xC0,0x80,0x00,0x00,0x00,0x00,
 146          0x00,0xE0,0xF8,0xFE,0xFF,0x3F,0x0F,0x03,0x00,0x00,0x00,0x00,0x00,0x00,0x00,0x00,
 147          0x00,0x00,0x00,0x00,0x00,0x00,0x00,0x00,0x00,0x00,0x00,0x00,0xF8,0xFF,0xFF,0xFF,
 148          0xFF,0xFF,0xFF,0xF8,0x00,0x00,0x00,0x00,0x00,0x00,0x00,0x00,0x00,0x00,0x00,0x00,
 149          0x00,0x00,0x00,0x00,0x00,0x00,0x00,0x00,0x03,0x0F,0x3F,0xFF,0xFE,0xF8,0xE0,0x00,
 150          0xFE,0xFF,0xFF,0xFF,0x01,0x00,0x00,0x00,0x00,0x00,0x00,0x00,0x00,0x00,0x00,0x00,
 151          0x00,0x00,0x00,0x00,0x00,0x00,0x00,0x00,0x80,0xC0,0xC0,0xFC,0xFF,0xFF,0xFF,0xFF,
 152          0xFF,0xFF,0xFF,0xFF,0xFC,0xC0,0xC0,0x80,0x00,0x00,0x00,0x00,0x00,0x00,0x00,0x00,
 153          0x00,0x00,0x00,0x00,0x00,0x00,0x00,0x00,0x00,0x00,0x00,0x01,0xFF,0xFF,0xFF,0xFE,
 154          0x7F,0xFF,0xFF,0xFF,0x80,0x00,0x00,0x00,0x00,0x00,0x00,0x00,0x00,0x00,0x80,0xC0,
 155          0xE0,0xE0,0xF0,0xF8,0xFC,0xFC,0xFE,0xFF,0xFF,0xFF,0xFF,0x7F,0x7F,0x7F,0x3F,0x3F,
 156          0x3F,0x3F,0x7F,0x7F,0x7F,0xFF,0xFF,0xFF,0xFF,0xFE,0xFC,0xFC,0xF8,0xF0,0xE0,0xE0,
 157          0xC0,0x80,0x00,0x00,0x00,0x00,0x00,0x00,0x00,0x00,0x00,0x80,0xFF,0xFF,0xFF,0x7F,
 158          0x00,0x07,0x1F,0x7F,0xFF,0xFC,0xE0,0xE0,0x70,0x78,0x3C,0x3E,0x3E,0x1F,0x1F,0x0F,
 159          0x0F,0x0F,0x07,0x07,0x03,0x03,0x03,0x01,0x01,0x00,0x00,0x00,0x00,0x00,0x00,0x00,
 160          0x00,0x00,0x00,0x00,0x00,0x00,0x00,0x01,0x01,0x03,0x03,0x03,0x07,0x07,0x0F,0x0F,
 161          0x0F,0x1F,0x1F,0x3E,0x3E,0x3C,0x78,0x70,0xE0,0xE0,0xFC,0xFF,0x7F,0x1F,0x07,0x00,
 162          0x00,0x00,0x00,0x00,0x01,0x07,0x0F,0x1F,0x3F,0x7E,0xFC,0xF0,0xE0,0xE0,0xC0,0x80,
 163          0x00,0x00,0x00,0x00,0x00,0x00,0x00,0x00,0x00,0x00,0x00,0x00,0x00,0x00,0x00,0x00,
 164          0x00,0x00,0x00,0x00,0x00,0x00,0x00,0x00,0x00,0x00,0x00,0x00,0x00,0x00,0x00,0x00,
 165          0x80,0xC0,0xC0,0xE0,0xF0,0xF8,0x7E,0x3F,0x1F,0x0F,0x03,0x01,0x00,0x00,0x00,0x00,
 166          0x00,0x00,0x00,0x00,0x00,0x00,0x00,0x00,0x00,0x00,0x00,0x01,0x03,0x07,0x07,0x0F,
 167          0x0F,0x1F,0x1E,0x3E,0x3C,0x7C,0x78,0x78,0x78,0xF0,0xF0,0xF0,0xF0,0xF0,0xF0,0xF0,
 168          0xF0,0xF0,0xF0,0xF0,0xF0,0xF0,0xF0,0x78,0x78,0x78,0x7C,0x3C,0x3C,0x1E,0x1F,0x0F,
 169          0x0F,0x07,0x03,0x03,0x01,0x00,0x00,0x00,0x00,0x00,0x00,0x00,0x00,0x00,0x00,0x00};/*奔驰大*/
 170          /* (64 X 64 )*/
 171          
 172          uchar code numbers[][16]=
 173          {
 174          {0x00,0xE0,0x10,0x08,0x08,0x10,0xE0,0x00,0x00,0x0F,0x10,0x20,0x20,0x10,0x0F,0x00},/*"0",0*/
 175          /* (8 X 16 , 宋体 )*/
 176          {0x00,0x00,0x10,0x10,0xF8,0x00,0x00,0x00,0x00,0x00,0x20,0x20,0x3F,0x20,0x20,0x00},/*"1",1*/
 177          /* (8 X 16 , 宋体 )*/
C51 COMPILER V9.60.0.0   DATA_INIT                                                         08/13/2020 16:51:37 PAGE 4   

 178          {0x00,0x70,0x08,0x08,0x08,0x08,0xF0,0x00,0x00,0x30,0x28,0x24,0x22,0x21,0x30,0x00},/*"2",2*/
 179          /* (8 X 16 , 宋体 )*/
 180          {0x00,0x30,0x08,0x08,0x08,0x88,0x70,0x00,0x00,0x18,0x20,0x21,0x21,0x22,0x1C,0x00},/*"3",3*/
 181          /* (8 X 16 , 宋体 )*/
 182          {0x00,0x00,0x80,0x40,0x30,0xF8,0x00,0x00,0x00,0x06,0x05,0x24,0x24,0x3F,0x24,0x24},/*"4",4*/
 183          /* (8 X 16 , 宋体 )*/
 184          {0x00,0xF8,0x88,0x88,0x88,0x08,0x08,0x00,0x00,0x19,0x20,0x20,0x20,0x11,0x0E,0x00},/*"5",5*/
 185          /* (8 X 16 , 宋体 )*/
 186          {0x00,0xE0,0x10,0x88,0x88,0x90,0x00,0x00,0x00,0x0F,0x11,0x20,0x20,0x20,0x1F,0x00},/*"6",6*/
 187          /* (8 X 16 , 宋体 )*/
 188          {0x00,0x18,0x08,0x08,0x88,0x68,0x18,0x00,0x00,0x00,0x00,0x3E,0x01,0x00,0x00,0x00},/*"7",7*/
 189          /* (8 X 16 , 宋体 )*/
 190          {0x00,0x70,0x88,0x08,0x08,0x88,0x70,0x00,0x00,0x1C,0x22,0x21,0x21,0x22,0x1C,0x00},/*"8",8*/
 191          /* (8 X 16 , 宋体 )*/
 192          {0x00,0xF0,0x08,0x08,0x08,0x10,0xE0,0x00,0x00,0x01,0x12,0x22,0x22,0x11,0x0F,0x00}/*"9",9*/
 193          };
 194          /* (8 X 16 , 宋体 )*/
 195          
 196          


MODULE INFORMATION:   STATIC OVERLAYABLE
   CODE SIZE        =     26    ----
   CONSTANT SIZE    =   1824    ----
   XDATA SIZE       =   ----    ----
   PDATA SIZE       =   ----    ----
   DATA SIZE        =   ----    ----
   IDATA SIZE       =   ----    ----
   BIT SIZE         =   ----    ----
END OF MODULE INFORMATION.


C51 COMPILATION COMPLETE.  0 WARNING(S),  0 ERROR(S)
