C51 COMPILER V9.60.0.0   DIGITAL_TUBE                                                      08/13/2020 16:51:28 PAGE 1   


C51 COMPILER V9.60.0.0, COMPILATION OF MODULE DIGITAL_TUBE
OBJECT MODULE PLACED IN .\Objects\digital-tube.obj
COMPILER INVOKED BY: C:\Keil_v5\C51\BIN\C51.EXE digital-tube.c OPTIMIZE(8,SPEED) BROWSE DEBUG OBJECTEXTEND PRINT(.\Listi
                    -ngs\digital-tube.lst) OBJECT(.\Objects\digital-tube.obj)

line level    source

   1          #include "head.h"
   2          
   3          //倒计时3s
   4          void countDown()
   5          {
   6   1              //3
   7   1              NUM3;
   8   1              delayms(1000);
   9   1              clean();
  10   1      
  11   1              //2
  12   1              NUM2;
  13   1              delayms(1000);
  14   1              clean();
  15   1      
  16   1              //1
  17   1              NUM1;
  18   1              delayms(1000);
  19   1              clean();
  20   1      
  21   1              //0
  22   1              NUM0;
  23   1              delayms(1000);
  24   1              clean();
  25   1      }
  26          
  27          //挡位显示
  28          void gearShowRefresh()
  29          {
  30   1              clean();
  31   1              switch (gear)
  32   1              {
  33   2              case 0:
  34   2                      NUM0;
  35   2                      break;
  36   2              case 1:
  37   2                      NUM1;
  38   2                      break;
  39   2              case 2:
  40   2                      NUM2;
  41   2                      break;
  42   2              case 3:
  43   2                      NUM3;
  44   2                      break;
  45   2              case 4:
  46   2                      NUM4;
  47   2                      break;
  48   2              case 5:
  49   2                      NUM5;
  50   2                      break;
  51   2              }
  52   1      }


C51 COMPILER V9.60.0.0   DIGITAL_TUBE                                                      08/13/2020 16:51:28 PAGE 2   

MODULE INFORMATION:   STATIC OVERLAYABLE
   CODE SIZE        =    154    ----
   CONSTANT SIZE    =   ----    ----
   XDATA SIZE       =   ----    ----
   PDATA SIZE       =   ----    ----
   DATA SIZE        =   ----    ----
   IDATA SIZE       =   ----    ----
   BIT SIZE         =   ----    ----
END OF MODULE INFORMATION.


C51 COMPILATION COMPLETE.  0 WARNING(S),  0 ERROR(S)
