C51 COMPILER V9.60.0.0   POWER                                                             09/15/2020 14:06:39 PAGE 1   


C51 COMPILER V9.60.0.0, COMPILATION OF MODULE POWER
OBJECT MODULE PLACED IN .\Objects\power.obj
COMPILER INVOKED BY: C:\Keil_v5\C51\BIN\C51.EXE power.c OPTIMIZE(8,SPEED) BROWSE DEBUG OBJECTEXTEND PRINT(.\Listings\pow
                    -er.lst) OBJECT(.\Objects\power.obj)

line level    source

   1          #include "head.h"
   2          
   3          //启动（进行初始化）
   4          void boot()
   5          {
   6   1              bluetoothInit(); //通讯串口初始化（使用定时器1）
   7   1      
   8   1              //等待接收启动命令
   9   1              while (SBUF != 0x0b && press != 0)
  10   1                      ;
  11   1              oled_show_index();
  12   1              //自检
  13   1              while (xxZ == 1 || xxY == 1 || bzZ == 0 || bzY == 0)
  14   1              {
  15   2                      if (xxZ == 1 || xxY == 1)
  16   2                      {
  17   3                              fmq(50);
  18   3                              oled_cover_square(STATUS1, 1, xunxian);
  19   3                              delayms(500);
  20   3                              oled_cover_square(STATUS1, 1, emp);
  21   3                      }
  22   2                      if (bzZ == 0 || bzY == 0)
  23   2                      {
  24   3                              fmq(50);
  25   3                              oled_cover_square(STATUS2, 1, bizhang);
  26   3                              delayms(500);
  27   3                              oled_cover_square(STATUS2, 1, emp);
  28   3                      }
  29   2                      delayms(500);
  30   2              }
  31   1              if (ENbz)
  32   1              {
  33   2                      oled_cover_square(STATUS2, 1, bizhang);
  34   2              }
  35   1              if (ENxx)
  36   1              {
  37   2                      oled_cover_square(STATUS1, 1, xunxian);
  38   2              }
  39   1              if (atoDrive)
  40   1              {
  41   2                      oled_cover_square(STATUS3, 1, atoD);
  42   2              }
  43   1              if (atoGear)
  44   1              {
  45   2                      oled_cover_square(STATUS4, 1, atoG);
  46   2              }
  47   1      
  48   1              fmq(500); //障碍、离地检测完毕
  49   1      
  50   1              //定时器初始化
  51   1              pwmInit0();       //pwm调速定时器初始化(使用定时器0)
  52   1              Timer2Init(); //AI挂挡定时器初始化（使用定时器2）
  53   1              // fmq(500);//定时器初始化完毕
  54   1      
C51 COMPILER V9.60.0.0   POWER                                                             09/15/2020 14:06:39 PAGE 2   

  55   1              gear = 0;
  56   1              gearShowRefresh();
  57   1      }
  58          
  59          void powerOff()
  60          {
  61   1              ISP_CONTR = 0x20; //软件复位，重新开始执行程序
  62   1      }
  63          
  64          void press_detect()
  65          {
  66   1              if (press == 0)
  67   1              {
  68   2                      delayms(2000);
  69   2                      if (press == 0)
  70   2                      {
  71   3                              powerOff();
  72   3                      }
  73   2              }
  74   1      }


MODULE INFORMATION:   STATIC OVERLAYABLE
   CODE SIZE        =    276    ----
   CONSTANT SIZE    =   ----    ----
   XDATA SIZE       =   ----    ----
   PDATA SIZE       =   ----    ----
   DATA SIZE        =   ----    ----
   IDATA SIZE       =   ----    ----
   BIT SIZE         =   ----    ----
END OF MODULE INFORMATION.


C51 COMPILATION COMPLETE.  0 WARNING(S),  0 ERROR(S)
