C51 COMPILER V9.60.0.0   PWM                                                               09/15/2020 14:06:38 PAGE 1   


C51 COMPILER V9.60.0.0, COMPILATION OF MODULE PWM
OBJECT MODULE PLACED IN .\Objects\pwm.obj
COMPILER INVOKED BY: C:\Keil_v5\C51\BIN\C51.EXE pwm.c OPTIMIZE(8,SPEED) BROWSE DEBUG OBJECTEXTEND PRINT(.\Listings\pwm.l
                    -st) OBJECT(.\Objects\pwm.obj)

line level    source

   1          #include "head.h"
   2          
   3          uint count = 0;   //å®šæ—¶å™¨ä¸­æ–­æ¬¡æ•°è®¡æ•°
   4          uint djCount=0;      //èˆµæœºpwm
   5          uint angle=15;//èˆµæœºè§’åº¦
   6          uint zkbZ = 0;    //å·¦å ç©ºæ¯”åˆå€¼,å ç©ºæ¯”è¶Šé«˜ï¼Œç”µæœºè¶Šå¿«
   7          uint zkbY = 0;    //å³å ç©ºæ¯”åˆå€¼
   8          uint pwmT = 100;  //ä¸€ä¸ªå‘¨æœŸè®¡æ•°
   9          uint correct = 2; //å·¦å³è½®æ ¡æ­£å€¼ï¼ˆ=å³å ç©ºæ¯”-å·¦å ç©ºæ¯”ï¼‰
  10          //æ³¨æ„ï¼šå°½é‡ä½¿ç”¨æ­£å€¼ï¼Œå¦åˆ™å½“æ»¡æ¡£ä¸ºå ç©ºæ¯”100%æ—¶ï¼ŒzkbZ = zkbY - correctçš„å€¼å¤§äºŽ100ï
             -¼Œæ ¡æ­£ä¸èµ·ä½œç”¨ï¼
  11          
  12          //å®šæ—¶å™¨0åˆå§‹åŒ–
  13          void pwmInit0()
  14          {
  15   1          TMOD = 0x22; //0000 0010,å®šæ—¶å™¨0ï¼š8ä½è‡ªåŠ¨é‡è½½
  16   1      
  17   1          //è£…åˆå€¼ï¼Œå®šæ—¶100us(0.1ms)ï¼Œ100/1.085~=92ï¼Œ256-92=164
  18   1          TH0 = 164;
  19   1          TL0 = 164;
  20   1      
  21   1          EA = 1;  //æ€»ä¸­æ–­å…è®¸
  22   1          ET0 = 1; //å®šæ—¶å™¨T0ä¸­æ–­å…è®¸
  23   1          TR0 = 1; //æ‰“å¼€å®šæ—¶å™¨0ï¼Œå¼€å§‹è®¡æ—¶
  24   1      }
  25          
  26          //ä¸­æ–­å‡½æ•°
  27          void pwmConfig0() interrupt 1 //ä¸­æ–­å·æ ¹æ®ä¸­æ–­æºç¡®å®šï¼ˆæ³¨æ„ä¼˜å…ˆçº§ï¼‰
  28          {
  29   1          //æŽ§åˆ¶countåœ¨0~pwmT
  30   1          count++;
  31   1          if (count > pwmT)
  32   1              count = 0;
  33   1          //èˆµæœºè®¡æ•°
  34   1          djCount++;
  35   1          if(djCount<=angle)dj=1;
  36   1          else dj=0;
  37   1          if(djCount>=200)djCount=0;//æŽ§åˆ¶20msèˆµæœºå‘¨æœŸ
  38   1      }
  39          
  40          void motoControl()
  41          {
  42   1          //å·¦è°ƒé€Ÿ
  43   1          if (count < zkbZ)
  44   1          {
  45   2              ENA = 1;
  46   2          }
  47   1          else
  48   1          {
  49   2              ENA = 0;
  50   2          }
  51   1          //å³è°ƒé€Ÿ
  52   1          if (count < zkbY)
  53   1          {
C51 COMPILER V9.60.0.0   PWM                                                               09/15/2020 14:06:38 PAGE 2   

  54   2              ENB = 1;
  55   2          }
  56   1          else
  57   1          {
  58   2              ENB = 0;
  59   2          }
  60   1      }


MODULE INFORMATION:   STATIC OVERLAYABLE
   CODE SIZE        =    122    ----
   CONSTANT SIZE    =   ----    ----
   XDATA SIZE       =   ----    ----
   PDATA SIZE       =   ----    ----
   DATA SIZE        =     14    ----
   IDATA SIZE       =   ----    ----
   BIT SIZE         =   ----    ----
END OF MODULE INFORMATION.


C51 COMPILATION COMPLETE.  0 WARNING(S),  0 ERROR(S)
